0 info it worked if it ends with ok
1 verbose cli [ 'C:\\Users\\Ahmed Raza Qadri\\AppData\\Local\\.meteor\\packages\\meteor-tool\\1.4.2_1\\mt-os.windows.x86_32\\dev_bundle\\bin\\node.exe',
1 verbose cli   'C:\\Users\\Ahmed Raza Qadri\\AppData\\Local\\.meteor\\packages\\meteor-tool\\1.4.2_1\\mt-os.windows.x86_32\\dev_bundle\\lib\\node_modules\\npm\\bin\\npm-cli.js',
1 verbose cli   'install',
1 verbose cli   '--save',
1 verbose cli   'bcrypt' ]
2 info using npm@3.10.9
3 info using node@v4.6.1
4 silly loadCurrentTree Starting
5 silly install loadCurrentTree
6 silly install readLocalPackageData
7 silly fetchPackageMetaData bcrypt
8 silly fetchNamedPackageData bcrypt
9 silly mapToRegistry name bcrypt
10 silly mapToRegistry using default registry
11 silly mapToRegistry registry https://registry.npmjs.org/
12 silly mapToRegistry data Result {
12 silly mapToRegistry   raw: 'bcrypt',
12 silly mapToRegistry   scope: null,
12 silly mapToRegistry   escapedName: 'bcrypt',
12 silly mapToRegistry   name: 'bcrypt',
12 silly mapToRegistry   rawSpec: '',
12 silly mapToRegistry   spec: 'latest',
12 silly mapToRegistry   type: 'tag' }
13 silly mapToRegistry uri https://registry.npmjs.org/bcrypt
14 verbose request uri https://registry.npmjs.org/bcrypt
15 verbose request no auth needed
16 info attempt registry request try #1 at 5:44:48 PM
17 verbose request id ede54ebe93845b52
18 verbose etag W/"5836dd15-1429f"
19 verbose lastModified Thu, 24 Nov 2016 12:29:09 GMT
20 http request GET https://registry.npmjs.org/bcrypt
21 http 304 https://registry.npmjs.org/bcrypt
22 verbose headers { date: 'Sun, 27 Nov 2016 12:42:19 GMT',
22 verbose headers   via: '1.1 varnish',
22 verbose headers   'cache-control': 'max-age=300',
22 verbose headers   etag: 'W/"5836dd15-1429f"',
22 verbose headers   age: '34',
22 verbose headers   connection: 'keep-alive',
22 verbose headers   'x-served-by': 'cache-lhr6349-LHR',
22 verbose headers   'x-cache': 'HIT',
22 verbose headers   'x-cache-hits': '1',
22 verbose headers   'x-timer': 'S1480250539.197642,VS0,VE0',
22 verbose headers   vary: 'Accept-Encoding' }
23 silly get cb [ 304,
23 silly get   { date: 'Sun, 27 Nov 2016 12:42:19 GMT',
23 silly get     via: '1.1 varnish',
23 silly get     'cache-control': 'max-age=300',
23 silly get     etag: 'W/"5836dd15-1429f"',
23 silly get     age: '34',
23 silly get     connection: 'keep-alive',
23 silly get     'x-served-by': 'cache-lhr6349-LHR',
23 silly get     'x-cache': 'HIT',
23 silly get     'x-cache-hits': '1',
23 silly get     'x-timer': 'S1480250539.197642,VS0,VE0',
23 silly get     vary: 'Accept-Encoding' } ]
24 verbose etag https://registry.npmjs.org/bcrypt from cache
25 verbose get saving bcrypt to C:\Users\Ahmed Raza Qadri\AppData\Local\.meteor\packages\meteor-tool\1.4.2_1\mt-os.windows.x86_32\dev_bundle\.npm\registry.npmjs.org\bcrypt\.cache.json
26 verbose correctMkdir C:\Users\Ahmed Raza Qadri\AppData\Local\.meteor\packages\meteor-tool\1.4.2_1\mt-os.windows.x86_32\dev_bundle\.npm correctMkdir not in flight; initializing
27 silly install normalizeTree
28 silly loadCurrentTree Finishing
29 silly loadIdealTree Starting
30 silly install loadIdealTree
31 silly cloneCurrentTree Starting
32 silly install cloneCurrentTreeToIdealTree
33 silly cloneCurrentTree Finishing
34 silly loadShrinkwrap Starting
35 silly install loadShrinkwrap
36 silly loadShrinkwrap Finishing
37 silly loadAllDepsIntoIdealTree Starting
38 silly install loadAllDepsIntoIdealTree
39 silly resolveWithNewModule bcrypt@0.8.7 checking installable status
40 silly cache add args [ 'bcrypt', null ]
41 verbose cache add spec bcrypt
42 silly cache add parsed spec Result {
42 silly cache add   raw: 'bcrypt',
42 silly cache add   scope: null,
42 silly cache add   escapedName: 'bcrypt',
42 silly cache add   name: 'bcrypt',
42 silly cache add   rawSpec: '',
42 silly cache add   spec: 'latest',
42 silly cache add   type: 'tag' }
43 silly addNamed bcrypt@latest
44 verbose addNamed "latest" is being treated as a dist-tag for bcrypt
45 info addNameTag [ 'bcrypt', 'latest' ]
46 silly mapToRegistry name bcrypt
47 silly mapToRegistry using default registry
48 silly mapToRegistry registry https://registry.npmjs.org/
49 silly mapToRegistry data Result {
49 silly mapToRegistry   raw: 'bcrypt',
49 silly mapToRegistry   scope: null,
49 silly mapToRegistry   escapedName: 'bcrypt',
49 silly mapToRegistry   name: 'bcrypt',
49 silly mapToRegistry   rawSpec: '',
49 silly mapToRegistry   spec: 'latest',
49 silly mapToRegistry   type: 'tag' }
50 silly mapToRegistry uri https://registry.npmjs.org/bcrypt
51 verbose addNameTag registry:https://registry.npmjs.org/bcrypt not in flight; fetching
52 verbose get https://registry.npmjs.org/bcrypt not expired, no request
53 silly addNameTag next cb for bcrypt with tag latest
54 silly addNamed bcrypt@0.8.7
55 verbose addNamed "0.8.7" is a plain semver version for bcrypt
56 silly cache afterAdd bcrypt@0.8.7
57 verbose afterAdd C:\Users\Ahmed Raza Qadri\AppData\Local\.meteor\packages\meteor-tool\1.4.2_1\mt-os.windows.x86_32\dev_bundle\.npm\bcrypt\0.8.7\package\package.json not in flight; writing
58 verbose correctMkdir C:\Users\Ahmed Raza Qadri\AppData\Local\.meteor\packages\meteor-tool\1.4.2_1\mt-os.windows.x86_32\dev_bundle\.npm correctMkdir not in flight; initializing
59 verbose afterAdd C:\Users\Ahmed Raza Qadri\AppData\Local\.meteor\packages\meteor-tool\1.4.2_1\mt-os.windows.x86_32\dev_bundle\.npm\bcrypt\0.8.7\package\package.json written
60 silly fetchNamedPackageData bindings
61 silly mapToRegistry name bindings
62 silly mapToRegistry using default registry
63 silly mapToRegistry registry https://registry.npmjs.org/
64 silly mapToRegistry data Result {
64 silly mapToRegistry   raw: 'bindings',
64 silly mapToRegistry   scope: null,
64 silly mapToRegistry   escapedName: 'bindings',
64 silly mapToRegistry   name: 'bindings',
64 silly mapToRegistry   rawSpec: '',
64 silly mapToRegistry   spec: 'latest',
64 silly mapToRegistry   type: 'tag' }
65 silly mapToRegistry uri https://registry.npmjs.org/bindings
66 silly fetchNamedPackageData nan
67 silly mapToRegistry name nan
68 silly mapToRegistry using default registry
69 silly mapToRegistry registry https://registry.npmjs.org/
70 silly mapToRegistry data Result {
70 silly mapToRegistry   raw: 'nan',
70 silly mapToRegistry   scope: null,
70 silly mapToRegistry   escapedName: 'nan',
70 silly mapToRegistry   name: 'nan',
70 silly mapToRegistry   rawSpec: '',
70 silly mapToRegistry   spec: 'latest',
70 silly mapToRegistry   type: 'tag' }
71 silly mapToRegistry uri https://registry.npmjs.org/nan
72 verbose request uri https://registry.npmjs.org/bindings
73 verbose request no auth needed
74 info attempt registry request try #1 at 5:44:49 PM
75 verbose etag W/"580645d3-46f7"
76 verbose lastModified Tue, 18 Oct 2016 15:54:59 GMT
77 http request GET https://registry.npmjs.org/bindings
78 verbose request uri https://registry.npmjs.org/nan
79 verbose request no auth needed
80 info attempt registry request try #1 at 5:44:49 PM
81 verbose etag W/"5818d749-1ce1e"
82 verbose lastModified Tue, 01 Nov 2016 17:56:25 GMT
83 http request GET https://registry.npmjs.org/nan
84 http 304 https://registry.npmjs.org/bindings
85 verbose headers { date: 'Sun, 27 Nov 2016 12:42:19 GMT',
85 verbose headers   via: '1.1 varnish',
85 verbose headers   'cache-control': 'max-age=300',
85 verbose headers   etag: 'W/"580645d3-46f7"',
85 verbose headers   age: '254',
85 verbose headers   connection: 'keep-alive',
85 verbose headers   'x-served-by': 'cache-lhr6349-LHR',
85 verbose headers   'x-cache': 'HIT',
85 verbose headers   'x-cache-hits': '1',
85 verbose headers   'x-timer': 'S1480250539.805477,VS0,VE0',
85 verbose headers   vary: 'Accept-Encoding' }
86 silly get cb [ 304,
86 silly get   { date: 'Sun, 27 Nov 2016 12:42:19 GMT',
86 silly get     via: '1.1 varnish',
86 silly get     'cache-control': 'max-age=300',
86 silly get     etag: 'W/"580645d3-46f7"',
86 silly get     age: '254',
86 silly get     connection: 'keep-alive',
86 silly get     'x-served-by': 'cache-lhr6349-LHR',
86 silly get     'x-cache': 'HIT',
86 silly get     'x-cache-hits': '1',
86 silly get     'x-timer': 'S1480250539.805477,VS0,VE0',
86 silly get     vary: 'Accept-Encoding' } ]
87 verbose etag https://registry.npmjs.org/bindings from cache
88 verbose get saving bindings to C:\Users\Ahmed Raza Qadri\AppData\Local\.meteor\packages\meteor-tool\1.4.2_1\mt-os.windows.x86_32\dev_bundle\.npm\registry.npmjs.org\bindings\.cache.json
89 verbose correctMkdir C:\Users\Ahmed Raza Qadri\AppData\Local\.meteor\packages\meteor-tool\1.4.2_1\mt-os.windows.x86_32\dev_bundle\.npm correctMkdir not in flight; initializing
90 silly resolveWithNewModule bindings@1.2.1 checking installable status
91 silly cache add args [ 'bindings@1.2.1', null ]
92 verbose cache add spec bindings@1.2.1
93 silly cache add parsed spec Result {
93 silly cache add   raw: 'bindings@1.2.1',
93 silly cache add   scope: null,
93 silly cache add   escapedName: 'bindings',
93 silly cache add   name: 'bindings',
93 silly cache add   rawSpec: '1.2.1',
93 silly cache add   spec: '1.2.1',
93 silly cache add   type: 'version' }
94 silly addNamed bindings@1.2.1
95 verbose addNamed "1.2.1" is a plain semver version for bindings
96 silly mapToRegistry name bindings
97 silly mapToRegistry using default registry
98 silly mapToRegistry registry https://registry.npmjs.org/
99 silly mapToRegistry data Result {
99 silly mapToRegistry   raw: 'bindings',
99 silly mapToRegistry   scope: null,
99 silly mapToRegistry   escapedName: 'bindings',
99 silly mapToRegistry   name: 'bindings',
99 silly mapToRegistry   rawSpec: '',
99 silly mapToRegistry   spec: 'latest',
99 silly mapToRegistry   type: 'tag' }
100 silly mapToRegistry uri https://registry.npmjs.org/bindings
101 verbose addNameVersion registry:https://registry.npmjs.org/bindings not in flight; fetching
102 verbose get https://registry.npmjs.org/bindings not expired, no request
103 silly cache afterAdd bindings@1.2.1
104 verbose afterAdd C:\Users\Ahmed Raza Qadri\AppData\Local\.meteor\packages\meteor-tool\1.4.2_1\mt-os.windows.x86_32\dev_bundle\.npm\bindings\1.2.1\package\package.json not in flight; writing
105 verbose correctMkdir C:\Users\Ahmed Raza Qadri\AppData\Local\.meteor\packages\meteor-tool\1.4.2_1\mt-os.windows.x86_32\dev_bundle\.npm correctMkdir not in flight; initializing
106 verbose afterAdd C:\Users\Ahmed Raza Qadri\AppData\Local\.meteor\packages\meteor-tool\1.4.2_1\mt-os.windows.x86_32\dev_bundle\.npm\bindings\1.2.1\package\package.json written
107 http 304 https://registry.npmjs.org/nan
108 verbose headers { date: 'Sun, 27 Nov 2016 12:42:20 GMT',
108 verbose headers   via: '1.1 varnish',
108 verbose headers   'cache-control': 'max-age=300',
108 verbose headers   etag: 'W/"5818d749-1ce1e"',
108 verbose headers   age: '128',
108 verbose headers   connection: 'keep-alive',
108 verbose headers   'x-served-by': 'cache-lhr6323-LHR',
108 verbose headers   'x-cache': 'HIT',
108 verbose headers   'x-cache-hits': '1',
108 verbose headers   'x-timer': 'S1480250540.176282,VS0,VE0',
108 verbose headers   vary: 'Accept-Encoding' }
109 silly get cb [ 304,
109 silly get   { date: 'Sun, 27 Nov 2016 12:42:20 GMT',
109 silly get     via: '1.1 varnish',
109 silly get     'cache-control': 'max-age=300',
109 silly get     etag: 'W/"5818d749-1ce1e"',
109 silly get     age: '128',
109 silly get     connection: 'keep-alive',
109 silly get     'x-served-by': 'cache-lhr6323-LHR',
109 silly get     'x-cache': 'HIT',
109 silly get     'x-cache-hits': '1',
109 silly get     'x-timer': 'S1480250540.176282,VS0,VE0',
109 silly get     vary: 'Accept-Encoding' } ]
110 verbose etag https://registry.npmjs.org/nan from cache
111 verbose get saving nan to C:\Users\Ahmed Raza Qadri\AppData\Local\.meteor\packages\meteor-tool\1.4.2_1\mt-os.windows.x86_32\dev_bundle\.npm\registry.npmjs.org\nan\.cache.json
112 verbose correctMkdir C:\Users\Ahmed Raza Qadri\AppData\Local\.meteor\packages\meteor-tool\1.4.2_1\mt-os.windows.x86_32\dev_bundle\.npm correctMkdir not in flight; initializing
113 silly resolveWithNewModule nan@2.3.5 checking installable status
114 silly cache add args [ 'nan@2.3.5', null ]
115 verbose cache add spec nan@2.3.5
116 silly cache add parsed spec Result {
116 silly cache add   raw: 'nan@2.3.5',
116 silly cache add   scope: null,
116 silly cache add   escapedName: 'nan',
116 silly cache add   name: 'nan',
116 silly cache add   rawSpec: '2.3.5',
116 silly cache add   spec: '2.3.5',
116 silly cache add   type: 'version' }
117 silly addNamed nan@2.3.5
118 verbose addNamed "2.3.5" is a plain semver version for nan
119 silly mapToRegistry name nan
120 silly mapToRegistry using default registry
121 silly mapToRegistry registry https://registry.npmjs.org/
122 silly mapToRegistry data Result {
122 silly mapToRegistry   raw: 'nan',
122 silly mapToRegistry   scope: null,
122 silly mapToRegistry   escapedName: 'nan',
122 silly mapToRegistry   name: 'nan',
122 silly mapToRegistry   rawSpec: '',
122 silly mapToRegistry   spec: 'latest',
122 silly mapToRegistry   type: 'tag' }
123 silly mapToRegistry uri https://registry.npmjs.org/nan
124 verbose addNameVersion registry:https://registry.npmjs.org/nan not in flight; fetching
125 verbose get https://registry.npmjs.org/nan not expired, no request
126 silly cache afterAdd nan@2.3.5
127 verbose afterAdd C:\Users\Ahmed Raza Qadri\AppData\Local\.meteor\packages\meteor-tool\1.4.2_1\mt-os.windows.x86_32\dev_bundle\.npm\nan\2.3.5\package\package.json not in flight; writing
128 verbose correctMkdir C:\Users\Ahmed Raza Qadri\AppData\Local\.meteor\packages\meteor-tool\1.4.2_1\mt-os.windows.x86_32\dev_bundle\.npm correctMkdir not in flight; initializing
129 verbose afterAdd C:\Users\Ahmed Raza Qadri\AppData\Local\.meteor\packages\meteor-tool\1.4.2_1\mt-os.windows.x86_32\dev_bundle\.npm\nan\2.3.5\package\package.json written
130 silly loadAllDepsIntoIdealTree Finishing
131 silly loadIdealTree Finishing
132 silly currentTree advanta@1.0.0
132 silly currentTree +-- accepts@1.3.3
132 silly currentTree +-- after@0.8.1
132 silly currentTree +-- array-flatten@1.1.1
132 silly currentTree +-- arraybuffer.slice@0.0.6
132 silly currentTree +-- babel-runtime@6.18.0
132 silly currentTree +-- backo2@1.0.2
132 silly currentTree +-- base64-arraybuffer@0.1.2
132 silly currentTree +-- base64id@0.1.0
132 silly currentTree +-- benchmark@1.0.0
132 silly currentTree +-- better-assert@1.0.2
132 silly currentTree +-- blob@0.0.4
132 silly currentTree +-- callsite@1.0.0
132 silly currentTree +-- check-node-version@1.1.1
132 silly currentTree +-- component-bind@1.0.0
132 silly currentTree +-- component-emitter@1.1.2
132 silly currentTree +-- component-inherit@0.0.3
132 silly currentTree +-- content-disposition@0.5.1
132 silly currentTree +-- content-type@1.0.2
132 silly currentTree +-- cookie-signature@1.0.6
132 silly currentTree +-- cookie@0.3.1
132 silly currentTree +-- core-js@2.4.1
132 silly currentTree +-- debug@2.2.0
132 silly currentTree +-- depd@1.1.0
132 silly currentTree +-- destroy@1.0.4
132 silly currentTree +-- ee-first@1.1.1
132 silly currentTree +-- encodeurl@1.0.1
132 silly currentTree +-- engine.io-client@1.6.11
132 silly currentTree | `-- ws@1.0.1
132 silly currentTree +-- engine.io-parser@1.2.4
132 silly currentTree | `-- has-binary@0.1.6
132 silly currentTree +-- engine.io@1.6.11
132 silly currentTree | +-- accepts@1.1.4
132 silly currentTree | +-- mime-db@1.12.0
132 silly currentTree | +-- mime-types@2.0.14
132 silly currentTree | `-- negotiator@0.4.9
132 silly currentTree +-- escape-html@1.0.3
132 silly currentTree +-- etag@1.7.0
132 silly currentTree +-- express@4.14.0
132 silly currentTree +-- finalhandler@0.5.0
132 silly currentTree +-- forwarded@0.1.0
132 silly currentTree +-- fresh@0.3.0
132 silly currentTree +-- graceful-fs@4.1.5
132 silly currentTree +-- has-binary@0.1.7
132 silly currentTree +-- has-cors@1.1.0
132 silly currentTree +-- http-errors@1.5.0
132 silly currentTree +-- indexof@0.0.1
132 silly currentTree +-- inherits@2.0.1
132 silly currentTree +-- ipaddr.js@1.1.1
132 silly currentTree +-- isarray@0.0.1
132 silly currentTree +-- json3@3.2.6
132 silly currentTree +-- media-typer@0.3.0
132 silly currentTree +-- merge-descriptors@1.0.1
132 silly currentTree +-- methods@1.1.2
132 silly currentTree +-- mime-db@1.23.0
132 silly currentTree +-- mime-types@2.1.11
132 silly currentTree +-- mime@1.3.4
132 silly currentTree +-- minimist@1.2.0
132 silly currentTree +-- ms@0.7.1
132 silly currentTree +-- negotiator@0.6.1
132 silly currentTree +-- node-gyp@3.4.0
132 silly currentTree | +-- fstream@1.0.10
132 silly currentTree | +-- glob@7.0.5
132 silly currentTree | | +-- fs.realpath@1.0.0
132 silly currentTree | | +-- inflight@1.0.5
132 silly currentTree | | | `-- wrappy@1.0.2
132 silly currentTree | | +-- once@1.3.3
132 silly currentTree | | | `-- wrappy@1.0.2
132 silly currentTree | | `-- path-is-absolute@1.0.0
132 silly currentTree | +-- minimatch@3.0.2
132 silly currentTree | | `-- brace-expansion@1.1.6
132 silly currentTree | |   +-- balanced-match@0.4.2
132 silly currentTree | |   `-- concat-map@0.0.1
132 silly currentTree | +-- mkdirp@0.5.1
132 silly currentTree | | `-- minimist@0.0.8
132 silly currentTree | +-- nopt@3.0.6
132 silly currentTree | | `-- abbrev@1.0.9
132 silly currentTree | +-- npmlog@3.1.2
132 silly currentTree | | +-- are-we-there-yet@1.1.2
132 silly currentTree | | | +-- delegates@1.0.0
132 silly currentTree | | | `-- readable-stream@2.1.4
132 silly currentTree | | |   +-- buffer-shims@1.0.0
132 silly currentTree | | |   +-- core-util-is@1.0.2
132 silly currentTree | | |   +-- isarray@1.0.0
132 silly currentTree | | |   +-- process-nextick-args@1.0.7
132 silly currentTree | | |   +-- string_decoder@0.10.31
132 silly currentTree | | |   `-- util-deprecate@1.0.2
132 silly currentTree | | +-- console-control-strings@1.1.0
132 silly currentTree | | +-- gauge@2.6.0
132 silly currentTree | | | +-- aproba@1.0.4
132 silly currentTree | | | +-- has-color@0.1.7
132 silly currentTree | | | +-- has-unicode@2.0.1
132 silly currentTree | | | +-- object-assign@4.1.0
132 silly currentTree | | | +-- signal-exit@3.0.0
132 silly currentTree | | | +-- string-width@1.0.1
132 silly currentTree | | | | +-- code-point-at@1.0.0
132 silly currentTree | | | | | `-- number-is-nan@1.0.0
132 silly currentTree | | | | `-- is-fullwidth-code-point@1.0.0
132 silly currentTree | | | |   `-- number-is-nan@1.0.0
132 silly currentTree | | | +-- strip-ansi@3.0.1
132 silly currentTree | | | | `-- ansi-regex@2.0.0
132 silly currentTree | | | `-- wide-align@1.1.0
132 silly currentTree | | `-- set-blocking@2.0.0
132 silly currentTree | +-- osenv@0.1.3
132 silly currentTree | | +-- os-homedir@1.0.1
132 silly currentTree | | `-- os-tmpdir@1.0.1
132 silly currentTree | +-- path-array@1.0.1
132 silly currentTree | | `-- array-index@1.0.0
132 silly currentTree | |   `-- es6-symbol@3.1.0
132 silly currentTree | |     +-- d@0.1.1
132 silly currentTree | |     `-- es5-ext@0.10.12
132 silly currentTree | |       `-- es6-iterator@2.0.0
132 silly currentTree | +-- request@2.74.0
132 silly currentTree | | +-- aws-sign2@0.6.0
132 silly currentTree | | +-- aws4@1.4.1
132 silly currentTree | | +-- bl@1.1.2
132 silly currentTree | | | `-- readable-stream@2.0.6
132 silly currentTree | | |   +-- core-util-is@1.0.2
132 silly currentTree | | |   +-- isarray@1.0.0
132 silly currentTree | | |   +-- process-nextick-args@1.0.7
132 silly currentTree | | |   +-- string_decoder@0.10.31
132 silly currentTree | | |   `-- util-deprecate@1.0.2
132 silly currentTree | | +-- caseless@0.11.0
132 silly currentTree | | +-- combined-stream@1.0.5
132 silly currentTree | | | `-- delayed-stream@1.0.0
132 silly currentTree | | +-- extend@3.0.0
132 silly currentTree | | +-- forever-agent@0.6.1
132 silly currentTree | | +-- form-data@1.0.0-rc4
132 silly currentTree | | | `-- async@1.5.2
132 silly currentTree | | +-- har-validator@2.0.6
132 silly currentTree | | | +-- chalk@1.1.3
132 silly currentTree | | | | +-- ansi-styles@2.2.1
132 silly currentTree | | | | +-- escape-string-regexp@1.0.5
132 silly currentTree | | | | +-- has-ansi@2.0.0
132 silly currentTree | | | | | `-- ansi-regex@2.0.0
132 silly currentTree | | | | +-- strip-ansi@3.0.1
132 silly currentTree | | | | | `-- ansi-regex@2.0.0
132 silly currentTree | | | | `-- supports-color@2.0.0
132 silly currentTree | | | +-- commander@2.9.0
132 silly currentTree | | | | `-- graceful-readlink@1.0.1
132 silly currentTree | | | +-- is-my-json-valid@2.13.1
132 silly currentTree | | | | +-- generate-function@2.0.0
132 silly currentTree | | | | +-- generate-object-property@1.2.0
132 silly currentTree | | | | | `-- is-property@1.0.2
132 silly currentTree | | | | +-- jsonpointer@2.0.0
132 silly currentTree | | | | `-- xtend@4.0.1
132 silly currentTree | | | `-- pinkie-promise@2.0.1
132 silly currentTree | | |   `-- pinkie@2.0.4
132 silly currentTree | | +-- hawk@3.1.3
132 silly currentTree | | | +-- boom@2.10.1
132 silly currentTree | | | +-- cryptiles@2.0.5
132 silly currentTree | | | +-- hoek@2.16.3
132 silly currentTree | | | `-- sntp@1.0.9
132 silly currentTree | | +-- http-signature@1.1.1
132 silly currentTree | | | +-- assert-plus@0.2.0
132 silly currentTree | | | +-- jsprim@1.3.0
132 silly currentTree | | | | +-- extsprintf@1.0.2
132 silly currentTree | | | | +-- json-schema@0.2.2
132 silly currentTree | | | | `-- verror@1.3.6
132 silly currentTree | | | `-- sshpk@1.9.2
132 silly currentTree | | |   +-- asn1@0.2.3
132 silly currentTree | | |   +-- assert-plus@1.0.0
132 silly currentTree | | |   +-- dashdash@1.14.0
132 silly currentTree | | |   +-- ecc-jsbn@0.1.1
132 silly currentTree | | |   +-- getpass@0.1.6
132 silly currentTree | | |   +-- jodid25519@1.0.2
132 silly currentTree | | |   +-- jsbn@0.1.0
132 silly currentTree | | |   `-- tweetnacl@0.13.3
132 silly currentTree | | +-- is-typedarray@1.0.0
132 silly currentTree | | +-- isstream@0.1.2
132 silly currentTree | | +-- json-stringify-safe@5.0.1
132 silly currentTree | | +-- node-uuid@1.4.7
132 silly currentTree | | +-- oauth-sign@0.8.2
132 silly currentTree | | +-- stringstream@0.0.5
132 silly currentTree | | +-- tough-cookie@2.3.1
132 silly currentTree | | `-- tunnel-agent@0.4.3
132 silly currentTree | +-- rimraf@2.5.4
132 silly currentTree | +-- tar@2.2.1
132 silly currentTree | | `-- block-stream@0.0.9
132 silly currentTree | `-- which@1.2.10
132 silly currentTree |   `-- isexe@1.1.2
132 silly currentTree +-- object-component@0.0.3
132 silly currentTree +-- on-finished@2.3.0
132 silly currentTree +-- options@0.0.6
132 silly currentTree +-- parsejson@0.0.1
132 silly currentTree +-- parseqs@0.0.2
132 silly currentTree +-- parseuri@0.0.4
132 silly currentTree +-- parseurl@1.3.1
132 silly currentTree +-- path-to-regexp@0.1.7
132 silly currentTree +-- proxy-addr@1.1.2
132 silly currentTree +-- qs@6.2.0
132 silly currentTree +-- range-parser@1.2.0
132 silly currentTree +-- rebuild@0.1.2
132 silly currentTree | `-- optimist@0.3.7
132 silly currentTree |   `-- wordwrap@0.0.3
132 silly currentTree +-- regenerator-runtime@0.9.6
132 silly currentTree +-- run-parallel@1.1.6
132 silly currentTree +-- semver@5.3.0
132 silly currentTree +-- send@0.14.1
132 silly currentTree +-- serve-static@1.11.1
132 silly currentTree +-- setprototypeof@1.0.1
132 silly currentTree +-- socket.io-adapter@0.4.0
132 silly currentTree | `-- socket.io-parser@2.2.2
132 silly currentTree |   `-- debug@0.7.4
132 silly currentTree +-- socket.io-client@1.4.8
132 silly currentTree | `-- component-emitter@1.2.0
132 silly currentTree +-- socket.io-parser@2.2.6
132 silly currentTree | `-- json3@3.3.2
132 silly currentTree +-- socket.io@1.4.8
132 silly currentTree +-- statuses@1.3.0
132 silly currentTree +-- to-array@0.1.4
132 silly currentTree +-- type-is@1.6.13
132 silly currentTree +-- ultron@1.0.2
132 silly currentTree +-- unpipe@1.0.0
132 silly currentTree +-- utf8@2.1.0
132 silly currentTree +-- utils-merge@1.0.0
132 silly currentTree +-- vary@1.1.0
132 silly currentTree +-- ws@1.1.0
132 silly currentTree +-- xmlhttprequest-ssl@1.5.1
132 silly currentTree `-- yeast@0.1.2
133 silly idealTree advanta@1.0.0
133 silly idealTree +-- accepts@1.3.3
133 silly idealTree +-- after@0.8.1
133 silly idealTree +-- array-flatten@1.1.1
133 silly idealTree +-- arraybuffer.slice@0.0.6
133 silly idealTree +-- babel-runtime@6.18.0
133 silly idealTree +-- backo2@1.0.2
133 silly idealTree +-- base64-arraybuffer@0.1.2
133 silly idealTree +-- base64id@0.1.0
133 silly idealTree +-- bcrypt@0.8.7
133 silly idealTree +-- benchmark@1.0.0
133 silly idealTree +-- better-assert@1.0.2
133 silly idealTree +-- bindings@1.2.1
133 silly idealTree +-- blob@0.0.4
133 silly idealTree +-- callsite@1.0.0
133 silly idealTree +-- check-node-version@1.1.1
133 silly idealTree +-- component-bind@1.0.0
133 silly idealTree +-- component-emitter@1.1.2
133 silly idealTree +-- component-inherit@0.0.3
133 silly idealTree +-- content-disposition@0.5.1
133 silly idealTree +-- content-type@1.0.2
133 silly idealTree +-- cookie-signature@1.0.6
133 silly idealTree +-- cookie@0.3.1
133 silly idealTree +-- core-js@2.4.1
133 silly idealTree +-- debug@2.2.0
133 silly idealTree +-- depd@1.1.0
133 silly idealTree +-- destroy@1.0.4
133 silly idealTree +-- ee-first@1.1.1
133 silly idealTree +-- encodeurl@1.0.1
133 silly idealTree +-- engine.io-client@1.6.11
133 silly idealTree | `-- ws@1.0.1
133 silly idealTree +-- engine.io-parser@1.2.4
133 silly idealTree | `-- has-binary@0.1.6
133 silly idealTree +-- engine.io@1.6.11
133 silly idealTree | +-- accepts@1.1.4
133 silly idealTree | +-- mime-db@1.12.0
133 silly idealTree | +-- mime-types@2.0.14
133 silly idealTree | `-- negotiator@0.4.9
133 silly idealTree +-- escape-html@1.0.3
133 silly idealTree +-- etag@1.7.0
133 silly idealTree +-- express@4.14.0
133 silly idealTree +-- finalhandler@0.5.0
133 silly idealTree +-- forwarded@0.1.0
133 silly idealTree +-- fresh@0.3.0
133 silly idealTree +-- graceful-fs@4.1.5
133 silly idealTree +-- has-binary@0.1.7
133 silly idealTree +-- has-cors@1.1.0
133 silly idealTree +-- http-errors@1.5.0
133 silly idealTree +-- indexof@0.0.1
133 silly idealTree +-- inherits@2.0.1
133 silly idealTree +-- ipaddr.js@1.1.1
133 silly idealTree +-- isarray@0.0.1
133 silly idealTree +-- json3@3.2.6
133 silly idealTree +-- media-typer@0.3.0
133 silly idealTree +-- merge-descriptors@1.0.1
133 silly idealTree +-- methods@1.1.2
133 silly idealTree +-- mime-db@1.23.0
133 silly idealTree +-- mime-types@2.1.11
133 silly idealTree +-- mime@1.3.4
133 silly idealTree +-- minimist@1.2.0
133 silly idealTree +-- ms@0.7.1
133 silly idealTree +-- nan@2.3.5
133 silly idealTree +-- negotiator@0.6.1
133 silly idealTree +-- node-gyp@3.4.0
133 silly idealTree | +-- fstream@1.0.10
133 silly idealTree | +-- glob@7.0.5
133 silly idealTree | | +-- fs.realpath@1.0.0
133 silly idealTree | | +-- inflight@1.0.5
133 silly idealTree | | | `-- wrappy@1.0.2
133 silly idealTree | | +-- once@1.3.3
133 silly idealTree | | | `-- wrappy@1.0.2
133 silly idealTree | | `-- path-is-absolute@1.0.0
133 silly idealTree | +-- minimatch@3.0.2
133 silly idealTree | | `-- brace-expansion@1.1.6
133 silly idealTree | |   +-- balanced-match@0.4.2
133 silly idealTree | |   `-- concat-map@0.0.1
133 silly idealTree | +-- mkdirp@0.5.1
133 silly idealTree | | `-- minimist@0.0.8
133 silly idealTree | +-- nopt@3.0.6
133 silly idealTree | | `-- abbrev@1.0.9
133 silly idealTree | +-- npmlog@3.1.2
133 silly idealTree | | +-- are-we-there-yet@1.1.2
133 silly idealTree | | | +-- delegates@1.0.0
133 silly idealTree | | | `-- readable-stream@2.1.4
133 silly idealTree | | |   +-- buffer-shims@1.0.0
133 silly idealTree | | |   +-- core-util-is@1.0.2
133 silly idealTree | | |   +-- isarray@1.0.0
133 silly idealTree | | |   +-- process-nextick-args@1.0.7
133 silly idealTree | | |   +-- string_decoder@0.10.31
133 silly idealTree | | |   `-- util-deprecate@1.0.2
133 silly idealTree | | +-- console-control-strings@1.1.0
133 silly idealTree | | +-- gauge@2.6.0
133 silly idealTree | | | +-- aproba@1.0.4
133 silly idealTree | | | +-- has-color@0.1.7
133 silly idealTree | | | +-- has-unicode@2.0.1
133 silly idealTree | | | +-- object-assign@4.1.0
133 silly idealTree | | | +-- signal-exit@3.0.0
133 silly idealTree | | | +-- string-width@1.0.1
133 silly idealTree | | | | +-- code-point-at@1.0.0
133 silly idealTree | | | | | `-- number-is-nan@1.0.0
133 silly idealTree | | | | `-- is-fullwidth-code-point@1.0.0
133 silly idealTree | | | |   `-- number-is-nan@1.0.0
133 silly idealTree | | | +-- strip-ansi@3.0.1
133 silly idealTree | | | | `-- ansi-regex@2.0.0
133 silly idealTree | | | `-- wide-align@1.1.0
133 silly idealTree | | `-- set-blocking@2.0.0
133 silly idealTree | +-- osenv@0.1.3
133 silly idealTree | | +-- os-homedir@1.0.1
133 silly idealTree | | `-- os-tmpdir@1.0.1
133 silly idealTree | +-- path-array@1.0.1
133 silly idealTree | | `-- array-index@1.0.0
133 silly idealTree | |   `-- es6-symbol@3.1.0
133 silly idealTree | |     +-- d@0.1.1
133 silly idealTree | |     `-- es5-ext@0.10.12
133 silly idealTree | |       `-- es6-iterator@2.0.0
133 silly idealTree | +-- request@2.74.0
133 silly idealTree | | +-- aws-sign2@0.6.0
133 silly idealTree | | +-- aws4@1.4.1
133 silly idealTree | | +-- bl@1.1.2
133 silly idealTree | | | `-- readable-stream@2.0.6
133 silly idealTree | | |   +-- core-util-is@1.0.2
133 silly idealTree | | |   +-- isarray@1.0.0
133 silly idealTree | | |   +-- process-nextick-args@1.0.7
133 silly idealTree | | |   +-- string_decoder@0.10.31
133 silly idealTree | | |   `-- util-deprecate@1.0.2
133 silly idealTree | | +-- caseless@0.11.0
133 silly idealTree | | +-- combined-stream@1.0.5
133 silly idealTree | | | `-- delayed-stream@1.0.0
133 silly idealTree | | +-- extend@3.0.0
133 silly idealTree | | +-- forever-agent@0.6.1
133 silly idealTree | | +-- form-data@1.0.0-rc4
133 silly idealTree | | | `-- async@1.5.2
133 silly idealTree | | +-- har-validator@2.0.6
133 silly idealTree | | | +-- chalk@1.1.3
133 silly idealTree | | | | +-- ansi-styles@2.2.1
133 silly idealTree | | | | +-- escape-string-regexp@1.0.5
133 silly idealTree | | | | +-- has-ansi@2.0.0
133 silly idealTree | | | | | `-- ansi-regex@2.0.0
133 silly idealTree | | | | +-- strip-ansi@3.0.1
133 silly idealTree | | | | | `-- ansi-regex@2.0.0
133 silly idealTree | | | | `-- supports-color@2.0.0
133 silly idealTree | | | +-- commander@2.9.0
133 silly idealTree | | | | `-- graceful-readlink@1.0.1
133 silly idealTree | | | +-- is-my-json-valid@2.13.1
133 silly idealTree | | | | +-- generate-function@2.0.0
133 silly idealTree | | | | +-- generate-object-property@1.2.0
133 silly idealTree | | | | | `-- is-property@1.0.2
133 silly idealTree | | | | +-- jsonpointer@2.0.0
133 silly idealTree | | | | `-- xtend@4.0.1
133 silly idealTree | | | `-- pinkie-promise@2.0.1
133 silly idealTree | | |   `-- pinkie@2.0.4
133 silly idealTree | | +-- hawk@3.1.3
133 silly idealTree | | | +-- boom@2.10.1
133 silly idealTree | | | +-- cryptiles@2.0.5
133 silly idealTree | | | +-- hoek@2.16.3
133 silly idealTree | | | `-- sntp@1.0.9
133 silly idealTree | | +-- http-signature@1.1.1
133 silly idealTree | | | +-- assert-plus@0.2.0
133 silly idealTree | | | +-- jsprim@1.3.0
133 silly idealTree | | | | +-- extsprintf@1.0.2
133 silly idealTree | | | | +-- json-schema@0.2.2
133 silly idealTree | | | | `-- verror@1.3.6
133 silly idealTree | | | `-- sshpk@1.9.2
133 silly idealTree | | |   +-- asn1@0.2.3
133 silly idealTree | | |   +-- assert-plus@1.0.0
133 silly idealTree | | |   +-- dashdash@1.14.0
133 silly idealTree | | |   +-- ecc-jsbn@0.1.1
133 silly idealTree | | |   +-- getpass@0.1.6
133 silly idealTree | | |   +-- jodid25519@1.0.2
133 silly idealTree | | |   +-- jsbn@0.1.0
133 silly idealTree | | |   `-- tweetnacl@0.13.3
133 silly idealTree | | +-- is-typedarray@1.0.0
133 silly idealTree | | +-- isstream@0.1.2
133 silly idealTree | | +-- json-stringify-safe@5.0.1
133 silly idealTree | | +-- node-uuid@1.4.7
133 silly idealTree | | +-- oauth-sign@0.8.2
133 silly idealTree | | +-- stringstream@0.0.5
133 silly idealTree | | +-- tough-cookie@2.3.1
133 silly idealTree | | `-- tunnel-agent@0.4.3
133 silly idealTree | +-- rimraf@2.5.4
133 silly idealTree | +-- tar@2.2.1
133 silly idealTree | | `-- block-stream@0.0.9
133 silly idealTree | `-- which@1.2.10
133 silly idealTree |   `-- isexe@1.1.2
133 silly idealTree +-- object-component@0.0.3
133 silly idealTree +-- on-finished@2.3.0
133 silly idealTree +-- options@0.0.6
133 silly idealTree +-- parsejson@0.0.1
133 silly idealTree +-- parseqs@0.0.2
133 silly idealTree +-- parseuri@0.0.4
133 silly idealTree +-- parseurl@1.3.1
133 silly idealTree +-- path-to-regexp@0.1.7
133 silly idealTree +-- proxy-addr@1.1.2
133 silly idealTree +-- qs@6.2.0
133 silly idealTree +-- range-parser@1.2.0
133 silly idealTree +-- rebuild@0.1.2
133 silly idealTree | `-- optimist@0.3.7
133 silly idealTree |   `-- wordwrap@0.0.3
133 silly idealTree +-- regenerator-runtime@0.9.6
133 silly idealTree +-- run-parallel@1.1.6
133 silly idealTree +-- semver@5.3.0
133 silly idealTree +-- send@0.14.1
133 silly idealTree +-- serve-static@1.11.1
133 silly idealTree +-- setprototypeof@1.0.1
133 silly idealTree +-- socket.io-adapter@0.4.0
133 silly idealTree | `-- socket.io-parser@2.2.2
133 silly idealTree |   `-- debug@0.7.4
133 silly idealTree +-- socket.io-client@1.4.8
133 silly idealTree | `-- component-emitter@1.2.0
133 silly idealTree +-- socket.io-parser@2.2.6
133 silly idealTree | `-- json3@3.3.2
133 silly idealTree +-- socket.io@1.4.8
133 silly idealTree +-- statuses@1.3.0
133 silly idealTree +-- to-array@0.1.4
133 silly idealTree +-- type-is@1.6.13
133 silly idealTree +-- ultron@1.0.2
133 silly idealTree +-- unpipe@1.0.0
133 silly idealTree +-- utf8@2.1.0
133 silly idealTree +-- utils-merge@1.0.0
133 silly idealTree +-- vary@1.1.0
133 silly idealTree +-- ws@1.1.0
133 silly idealTree +-- xmlhttprequest-ssl@1.5.1
133 silly idealTree `-- yeast@0.1.2
134 silly generateActionsToTake Starting
135 silly install generateActionsToTake
136 silly generateActionsToTake Finishing
137 silly diffTrees action count 3
138 silly diffTrees add bindings@1.2.1
139 silly diffTrees add nan@2.3.5
140 silly diffTrees add bcrypt@0.8.7
141 silly decomposeActions action count 24
142 silly decomposeActions fetch bindings@1.2.1
143 silly decomposeActions extract bindings@1.2.1
144 silly decomposeActions test bindings@1.2.1
145 silly decomposeActions preinstall bindings@1.2.1
146 silly decomposeActions build bindings@1.2.1
147 silly decomposeActions install bindings@1.2.1
148 silly decomposeActions postinstall bindings@1.2.1
149 silly decomposeActions finalize bindings@1.2.1
150 silly decomposeActions fetch nan@2.3.5
151 silly decomposeActions extract nan@2.3.5
152 silly decomposeActions test nan@2.3.5
153 silly decomposeActions preinstall nan@2.3.5
154 silly decomposeActions build nan@2.3.5
155 silly decomposeActions install nan@2.3.5
156 silly decomposeActions postinstall nan@2.3.5
157 silly decomposeActions finalize nan@2.3.5
158 silly decomposeActions fetch bcrypt@0.8.7
159 silly decomposeActions extract bcrypt@0.8.7
160 silly decomposeActions test bcrypt@0.8.7
161 silly decomposeActions preinstall bcrypt@0.8.7
162 silly decomposeActions build bcrypt@0.8.7
163 silly decomposeActions install bcrypt@0.8.7
164 silly decomposeActions postinstall bcrypt@0.8.7
165 silly decomposeActions finalize bcrypt@0.8.7
166 silly runTopLevelLifecycles Starting
167 silly executeActions Starting
168 silly install executeActions
169 silly doSerial global-install 0
170 silly doParallel fetch 3
171 verbose correctMkdir C:\Users\Ahmed Raza Qadri\AppData\Local\.meteor\packages\meteor-tool\1.4.2_1\mt-os.windows.x86_32\dev_bundle\.npm\_locks correctMkdir not in flight; initializing
172 verbose lock using C:\Users\Ahmed Raza Qadri\AppData\Local\.meteor\packages\meteor-tool\1.4.2_1\mt-os.windows.x86_32\dev_bundle\.npm\_locks\staging-67af45bf4d7c91ae.lock for D:\Sites\advanta\node_modules\.staging
173 silly doParallel extract 3
174 silly extract bindings@1.2.1
175 silly extract nan@2.3.5
176 silly extract bcrypt@0.8.7
177 verbose unbuild node_modules\.staging\bindings-8a5a9376
178 verbose unbuild node_modules\.staging\nan-9d720072
179 verbose unbuild node_modules\.staging\bcrypt-c7f349a5
180 silly gentlyRm D:\Sites\advanta\node_modules\.staging\bindings-8a5a9376 is being purged from base D:\Sites\advanta
181 verbose gentlyRm don't care about contents; nuking D:\Sites\advanta\node_modules\.staging\bindings-8a5a9376
182 silly gentlyRm D:\Sites\advanta\node_modules\.staging\nan-9d720072 is being purged from base D:\Sites\advanta
183 verbose gentlyRm don't care about contents; nuking D:\Sites\advanta\node_modules\.staging\nan-9d720072
184 verbose tar unpack C:\Users\Ahmed Raza Qadri\AppData\Local\.meteor\packages\meteor-tool\1.4.2_1\mt-os.windows.x86_32\dev_bundle\.npm\bindings\1.2.1\package.tgz
185 verbose tar unpacking to D:\Sites\advanta\node_modules\.staging\bindings-8a5a9376
186 silly gentlyRm D:\Sites\advanta\node_modules\.staging\bindings-8a5a9376 is being purged
187 verbose gentlyRm don't care about contents; nuking D:\Sites\advanta\node_modules\.staging\bindings-8a5a9376
188 silly gentlyRm D:\Sites\advanta\node_modules\.staging\bcrypt-c7f349a5 is being purged from base D:\Sites\advanta
189 verbose gentlyRm don't care about contents; nuking D:\Sites\advanta\node_modules\.staging\bcrypt-c7f349a5
190 verbose tar unpack C:\Users\Ahmed Raza Qadri\AppData\Local\.meteor\packages\meteor-tool\1.4.2_1\mt-os.windows.x86_32\dev_bundle\.npm\nan\2.3.5\package.tgz
191 verbose tar unpacking to D:\Sites\advanta\node_modules\.staging\nan-9d720072
192 silly gentlyRm D:\Sites\advanta\node_modules\.staging\nan-9d720072 is being purged
193 verbose gentlyRm don't care about contents; nuking D:\Sites\advanta\node_modules\.staging\nan-9d720072
194 silly gunzTarPerm modes [ '777', '666' ]
195 verbose tar unpack C:\Users\Ahmed Raza Qadri\AppData\Local\.meteor\packages\meteor-tool\1.4.2_1\mt-os.windows.x86_32\dev_bundle\.npm\bcrypt\0.8.7\package.tgz
196 verbose tar unpacking to D:\Sites\advanta\node_modules\.staging\bcrypt-c7f349a5
197 silly gentlyRm D:\Sites\advanta\node_modules\.staging\bcrypt-c7f349a5 is being purged
198 verbose gentlyRm don't care about contents; nuking D:\Sites\advanta\node_modules\.staging\bcrypt-c7f349a5
199 silly gunzTarPerm modes [ '777', '666' ]
200 silly gunzTarPerm modes [ '777', '666' ]
201 silly gunzTarPerm extractEntry package.json
202 silly gunzTarPerm modified mode [ 'package.json', 420, 438 ]
203 silly gunzTarPerm extractEntry package.json
204 silly gunzTarPerm modified mode [ 'package.json', 436, 438 ]
205 silly gunzTarPerm extractEntry package.json
206 silly gunzTarPerm modified mode [ 'package.json', 420, 438 ]
207 silly gunzTarPerm extractEntry README.md
208 silly gunzTarPerm modified mode [ 'README.md', 420, 438 ]
209 silly gunzTarPerm extractEntry bindings.js
210 silly gunzTarPerm modified mode [ 'bindings.js', 420, 438 ]
211 silly gunzTarPerm extractEntry README.md
212 silly gunzTarPerm modified mode [ 'README.md', 436, 438 ]
213 silly gunzTarPerm extractEntry include_dirs.js
214 silly gunzTarPerm modified mode [ 'include_dirs.js', 436, 438 ]
215 silly gunzTarPerm extractEntry .npmignore
216 silly gunzTarPerm modified mode [ '.npmignore', 420, 438 ]
217 silly gunzTarPerm extractEntry README.md
218 silly gunzTarPerm modified mode [ 'README.md', 420, 438 ]
219 silly gunzTarPerm extractEntry LICENSE
220 silly gunzTarPerm modified mode [ 'LICENSE', 420, 438 ]
221 silly gunzTarPerm extractEntry bcrypt.js
222 silly gunzTarPerm modified mode [ 'bcrypt.js', 420, 438 ]
223 silly gunzTarPerm extractEntry Makefile
224 silly gunzTarPerm modified mode [ 'Makefile', 420, 438 ]
225 silly gunzTarPerm extractEntry .travis.yml
226 silly gunzTarPerm modified mode [ '.travis.yml', 420, 438 ]
227 silly gunzTarPerm extractEntry CHANGELOG.md
228 silly gunzTarPerm modified mode [ 'CHANGELOG.md', 420, 438 ]
229 silly gunzTarPerm extractEntry binding.gyp
230 silly gunzTarPerm modified mode [ 'binding.gyp', 420, 438 ]
231 silly gunzTarPerm extractEntry examples/async_compare.js
232 silly gunzTarPerm modified mode [ 'examples/async_compare.js', 420, 438 ]
233 silly gunzTarPerm extractEntry examples/forever_gen_salt.js
234 silly gunzTarPerm modified mode [ 'examples/forever_gen_salt.js', 420, 438 ]
235 silly gunzTarPerm extractEntry test/async.js
236 silly gunzTarPerm modified mode [ 'test/async.js', 420, 438 ]
237 silly gunzTarPerm extractEntry test/repetitions.js
238 silly gunzTarPerm modified mode [ 'test/repetitions.js', 420, 438 ]
239 silly gunzTarPerm extractEntry test/sync.js
240 silly gunzTarPerm modified mode [ 'test/sync.js', 420, 438 ]
241 silly gunzTarPerm extractEntry ISSUE_TEMPLATE.md
242 silly gunzTarPerm modified mode [ 'ISSUE_TEMPLATE.md', 420, 438 ]
243 silly gunzTarPerm extractEntry src/bcrypt.cc
244 silly gunzTarPerm modified mode [ 'src/bcrypt.cc', 420, 438 ]
245 silly gunzTarPerm extractEntry src/bcrypt_node.cc
246 silly gunzTarPerm modified mode [ 'src/bcrypt_node.cc', 420, 438 ]
247 silly gunzTarPerm extractEntry src/blowfish.cc
248 silly gunzTarPerm modified mode [ 'src/blowfish.cc', 420, 438 ]
249 silly gunzTarPerm extractEntry src/node_blf.h
250 silly gunzTarPerm modified mode [ 'src/node_blf.h', 420, 438 ]
251 silly gunzTarPerm extractEntry werker.yml
252 silly gunzTarPerm modified mode [ 'werker.yml', 420, 438 ]
253 silly gunzTarPerm extractEntry nan_converters.h
254 silly gunzTarPerm modified mode [ 'nan_converters.h', 436, 438 ]
255 silly gunzTarPerm extractEntry LICENSE.md
256 silly gunzTarPerm modified mode [ 'LICENSE.md', 436, 438 ]
257 silly gunzTarPerm extractEntry doc/node_misc.md
258 silly gunzTarPerm modified mode [ 'doc/node_misc.md', 436, 438 ]
259 silly gunzTarPerm extractEntry doc/asyncworker.md
260 silly gunzTarPerm modified mode [ 'doc/asyncworker.md', 436, 438 ]
261 silly gunzTarPerm extractEntry doc/callback.md
262 silly gunzTarPerm modified mode [ 'doc/callback.md', 436, 438 ]
263 silly gunzTarPerm extractEntry doc/converters.md
264 silly gunzTarPerm modified mode [ 'doc/converters.md', 436, 438 ]
265 silly gunzTarPerm extractEntry doc/errors.md
266 silly gunzTarPerm modified mode [ 'doc/errors.md', 436, 438 ]
267 silly gunzTarPerm extractEntry doc/maybe_types.md
268 silly gunzTarPerm modified mode [ 'doc/maybe_types.md', 436, 438 ]
269 silly gunzTarPerm extractEntry doc/methods.md
270 silly gunzTarPerm modified mode [ 'doc/methods.md', 436, 438 ]
271 silly gunzTarPerm extractEntry doc/new.md
272 silly gunzTarPerm modified mode [ 'doc/new.md', 436, 438 ]
273 silly gunzTarPerm extractEntry doc/buffers.md
274 silly gunzTarPerm modified mode [ 'doc/buffers.md', 436, 438 ]
275 silly gunzTarPerm extractEntry doc/object_wrappers.md
276 silly gunzTarPerm modified mode [ 'doc/object_wrappers.md', 436, 438 ]
277 silly gunzTarPerm extractEntry doc/persistent.md
278 silly gunzTarPerm modified mode [ 'doc/persistent.md', 436, 438 ]
279 silly gunzTarPerm extractEntry doc/scopes.md
280 silly gunzTarPerm modified mode [ 'doc/scopes.md', 436, 438 ]
281 silly gunzTarPerm extractEntry doc/script.md
282 silly gunzTarPerm modified mode [ 'doc/script.md', 436, 438 ]
283 silly gunzTarPerm extractEntry doc/string_bytes.md
284 silly gunzTarPerm modified mode [ 'doc/string_bytes.md', 436, 438 ]
285 silly gentlyRm D:\Sites\advanta\node_modules\.staging\bindings-8a5a9376\node_modules is being purged
286 verbose gentlyRm don't care about contents; nuking D:\Sites\advanta\node_modules\.staging\bindings-8a5a9376\node_modules
287 silly gunzTarPerm extractEntry doc/v8_internals.md
288 silly gunzTarPerm modified mode [ 'doc/v8_internals.md', 436, 438 ]
289 silly gunzTarPerm extractEntry doc/v8_misc.md
290 silly gunzTarPerm modified mode [ 'doc/v8_misc.md', 436, 438 ]
291 silly gunzTarPerm extractEntry nan.h
292 silly gunzTarPerm modified mode [ 'nan.h', 436, 438 ]
293 silly gunzTarPerm extractEntry nan_callbacks.h
294 silly gunzTarPerm modified mode [ 'nan_callbacks.h', 436, 438 ]
295 silly gunzTarPerm extractEntry nan_callbacks_12_inl.h
296 silly gunzTarPerm modified mode [ 'nan_callbacks_12_inl.h', 436, 438 ]
297 silly gunzTarPerm extractEntry nan_callbacks_pre_12_inl.h
298 silly gunzTarPerm modified mode [ 'nan_callbacks_pre_12_inl.h', 436, 438 ]
299 silly gunzTarPerm extractEntry nan_converters_43_inl.h
300 silly gunzTarPerm modified mode [ 'nan_converters_43_inl.h', 436, 438 ]
301 silly gunzTarPerm extractEntry nan_converters_pre_43_inl.h
302 silly gunzTarPerm modified mode [ 'nan_converters_pre_43_inl.h', 436, 438 ]
303 silly gunzTarPerm extractEntry nan_implementation_12_inl.h
304 silly gunzTarPerm modified mode [ 'nan_implementation_12_inl.h', 436, 438 ]
305 silly gunzTarPerm extractEntry nan_implementation_pre_12_inl.h
306 silly gunzTarPerm modified mode [ 'nan_implementation_pre_12_inl.h', 436, 438 ]
307 silly gunzTarPerm extractEntry nan_maybe_43_inl.h
308 silly gunzTarPerm modified mode [ 'nan_maybe_43_inl.h', 436, 438 ]
309 silly gunzTarPerm extractEntry nan_maybe_pre_43_inl.h
310 silly gunzTarPerm modified mode [ 'nan_maybe_pre_43_inl.h', 436, 438 ]
311 silly gunzTarPerm extractEntry nan_new.h
312 silly gunzTarPerm modified mode [ 'nan_new.h', 436, 438 ]
313 silly gunzTarPerm extractEntry nan_object_wrap.h
314 silly gunzTarPerm modified mode [ 'nan_object_wrap.h', 436, 438 ]
315 silly gunzTarPerm extractEntry nan_persistent_12_inl.h
316 silly gunzTarPerm modified mode [ 'nan_persistent_12_inl.h', 436, 438 ]
317 silly gunzTarPerm extractEntry nan_persistent_pre_12_inl.h
318 silly gunzTarPerm modified mode [ 'nan_persistent_pre_12_inl.h', 436, 438 ]
319 silly gunzTarPerm extractEntry nan_string_bytes.h
320 silly gunzTarPerm modified mode [ 'nan_string_bytes.h', 436, 438 ]
321 silly gunzTarPerm extractEntry nan_typedarray_contents.h
322 silly gunzTarPerm modified mode [ 'nan_typedarray_contents.h', 436, 438 ]
323 silly gunzTarPerm extractEntry nan_weak.h
324 silly gunzTarPerm modified mode [ 'nan_weak.h', 436, 438 ]
325 silly gunzTarPerm extractEntry CHANGELOG.md
326 silly gunzTarPerm modified mode [ 'CHANGELOG.md', 436, 438 ]
327 silly gunzTarPerm extractEntry tools/package.json
328 silly gunzTarPerm modified mode [ 'tools/package.json', 436, 438 ]
329 silly gunzTarPerm extractEntry tools/README.md
330 silly gunzTarPerm modified mode [ 'tools/README.md', 436, 438 ]
331 silly gunzTarPerm extractEntry tools/1to2.js
332 silly gunzTarPerm modified mode [ 'tools/1to2.js', 509, 511 ]
333 silly gentlyRm D:\Sites\advanta\node_modules\.staging\bcrypt-c7f349a5\node_modules is being purged
334 verbose gentlyRm don't care about contents; nuking D:\Sites\advanta\node_modules\.staging\bcrypt-c7f349a5\node_modules
335 silly gentlyRm D:\Sites\advanta\node_modules\.staging\nan-9d720072\node_modules is being purged
336 verbose gentlyRm don't care about contents; nuking D:\Sites\advanta\node_modules\.staging\nan-9d720072\node_modules
337 silly doParallel preinstall 3
338 silly preinstall bindings@1.2.1 D:\Sites\advanta\node_modules\.staging\bindings-8a5a9376
339 info lifecycle bindings@1.2.1~preinstall: bindings@1.2.1
340 silly preinstall nan@2.3.5 D:\Sites\advanta\node_modules\.staging\nan-9d720072
341 info lifecycle nan@2.3.5~preinstall: nan@2.3.5
342 silly preinstall bcrypt@0.8.7 D:\Sites\advanta\node_modules\.staging\bcrypt-c7f349a5
343 info lifecycle bcrypt@0.8.7~preinstall: bcrypt@0.8.7
344 silly lifecycle bindings@1.2.1~preinstall: no script for preinstall, continuing
345 silly lifecycle nan@2.3.5~preinstall: no script for preinstall, continuing
346 silly lifecycle bcrypt@0.8.7~preinstall: no script for preinstall, continuing
347 silly doReverseSerial remove 0
348 silly doSerial move 0
349 silly doSerial finalize 3
350 silly finalize D:\Sites\advanta\node_modules\bindings
351 silly finalize D:\Sites\advanta\node_modules\nan
352 silly finalize D:\Sites\advanta\node_modules\bcrypt
353 silly doSerial build 3
354 silly build bindings@1.2.1
355 info linkStuff bindings@1.2.1
356 silly linkStuff bindings@1.2.1 has D:\Sites\advanta\node_modules as its parent node_modules
357 verbose linkBins bindings@1.2.1
358 verbose linkMans bindings@1.2.1
359 silly build nan@2.3.5
360 info linkStuff nan@2.3.5
361 silly linkStuff nan@2.3.5 has D:\Sites\advanta\node_modules as its parent node_modules
362 verbose linkBins nan@2.3.5
363 verbose linkMans nan@2.3.5
364 silly build bcrypt@0.8.7
365 info linkStuff bcrypt@0.8.7
366 silly linkStuff bcrypt@0.8.7 has D:\Sites\advanta\node_modules as its parent node_modules
367 verbose linkBins bcrypt@0.8.7
368 verbose linkMans bcrypt@0.8.7
369 silly doSerial global-link 0
370 silly doParallel update-linked 0
371 silly doSerial install 3
372 silly install bindings@1.2.1 D:\Sites\advanta\node_modules\.staging\bindings-8a5a9376
373 info lifecycle bindings@1.2.1~install: bindings@1.2.1
374 silly lifecycle bindings@1.2.1~install: no script for install, continuing
375 silly install nan@2.3.5 D:\Sites\advanta\node_modules\.staging\nan-9d720072
376 info lifecycle nan@2.3.5~install: nan@2.3.5
377 silly lifecycle nan@2.3.5~install: no script for install, continuing
378 silly install bcrypt@0.8.7 D:\Sites\advanta\node_modules\.staging\bcrypt-c7f349a5
379 info lifecycle bcrypt@0.8.7~install: bcrypt@0.8.7
380 verbose lifecycle bcrypt@0.8.7~install: unsafe-perm in lifecycle true
381 verbose lifecycle bcrypt@0.8.7~install: PATH: C:\Users\Ahmed Raza Qadri\AppData\Local\.meteor\packages\meteor-tool\1.4.2_1\mt-os.windows.x86_32\dev_bundle\lib\node_modules\npm\bin\node-gyp-bin;D:\Sites\advanta\node_modules\bcrypt\node_modules\.bin;D:\Sites\advanta\node_modules\.bin;C:\Users\Ahmed Raza Qadri\AppData\Local\.meteor\packages\meteor-tool\1.4.2_1\mt-os.windows.x86_32\dev_bundle\bin;C:\Users\Ahmed Raza Qadri\AppData\Local\.meteor\packages\meteor-tool\1.4.2_1\mt-os.windows.x86_32\dev_bundle\lib\node_modules\.bin;C:\Windows\system32;C:\Windows;C:\Windows\System32\Wbem;C:\Windows\System32\WindowsPowerShell\v1.0\;C:\Program Files\nodejs\;C:\Program Files (x86)\Skype\Phone\;C:\Users\Ahmed Raza Qadri\AppData\Roaming\npm;C:\Users\Ahmed Raza Qadri\AppData\Local\.meteor\;C:\Program Files (x86)\Microsoft VS Code\bin;C:\Users\Ahmed Raza Qadri\AppData\Local\Programs\Git\cmd
382 verbose lifecycle bcrypt@0.8.7~install: CWD: D:\Sites\advanta\node_modules\bcrypt
383 silly lifecycle bcrypt@0.8.7~install: Args: [ '/d /s /c', 'node-gyp rebuild' ]
384 silly lifecycle bcrypt@0.8.7~install: Returned: code: 1  signal: null
385 info lifecycle bcrypt@0.8.7~install: Failed to exec install script
386 verbose unlock done using C:\Users\Ahmed Raza Qadri\AppData\Local\.meteor\packages\meteor-tool\1.4.2_1\mt-os.windows.x86_32\dev_bundle\.npm\_locks\staging-67af45bf4d7c91ae.lock for D:\Sites\advanta\node_modules\.staging
387 silly rollbackFailedOptional Starting
388 silly rollbackFailedOptional Finishing
389 silly runTopLevelLifecycles Finishing
390 silly install printInstalled
391 verbose stack Error: bcrypt@0.8.7 install: `node-gyp rebuild`
391 verbose stack Exit status 1
391 verbose stack     at EventEmitter.<anonymous> (C:\Users\Ahmed Raza Qadri\AppData\Local\.meteor\packages\meteor-tool\1.4.2_1\mt-os.windows.x86_32\dev_bundle\lib\node_modules\npm\lib\utils\lifecycle.js:255:16)
391 verbose stack     at emitTwo (events.js:87:13)
391 verbose stack     at EventEmitter.emit (events.js:172:7)
391 verbose stack     at ChildProcess.<anonymous> (C:\Users\Ahmed Raza Qadri\AppData\Local\.meteor\packages\meteor-tool\1.4.2_1\mt-os.windows.x86_32\dev_bundle\lib\node_modules\npm\lib\utils\spawn.js:40:14)
391 verbose stack     at emitTwo (events.js:87:13)
391 verbose stack     at ChildProcess.emit (events.js:172:7)
391 verbose stack     at maybeClose (internal/child_process.js:829:16)
391 verbose stack     at Process.ChildProcess._handle.onexit (internal/child_process.js:211:5)
392 verbose pkgid bcrypt@0.8.7
393 verbose cwd D:\Sites\advanta
394 error Windows_NT 10.0.10240
395 error argv "C:\\Users\\Ahmed Raza Qadri\\AppData\\Local\\.meteor\\packages\\meteor-tool\\1.4.2_1\\mt-os.windows.x86_32\\dev_bundle\\bin\\node.exe" "C:\\Users\\Ahmed Raza Qadri\\AppData\\Local\\.meteor\\packages\\meteor-tool\\1.4.2_1\\mt-os.windows.x86_32\\dev_bundle\\lib\\node_modules\\npm\\bin\\npm-cli.js" "install" "--save" "bcrypt"
396 error node v4.6.1
397 error npm  v3.10.9
398 error code ELIFECYCLE
399 error bcrypt@0.8.7 install: `node-gyp rebuild`
399 error Exit status 1
400 error Failed at the bcrypt@0.8.7 install script 'node-gyp rebuild'.
400 error Make sure you have the latest version of node.js and npm installed.
400 error If you do, this is most likely a problem with the bcrypt package,
400 error not with npm itself.
400 error Tell the author that this fails on your system:
400 error     node-gyp rebuild
400 error You can get information on how to open an issue for this project with:
400 error     npm bugs bcrypt
400 error Or if that isn't available, you can get their info via:
400 error     npm owner ls bcrypt
400 error There is likely additional logging output above.
401 verbose exit [ 1, true ]
